<?xml version="1.0" encoding="UTF-8"?>
<!-- Generated by org.testng.reporters.JUnitXMLReporter -->
<testsuite ignored="0" hostname="DESKTOP-2DP96CH" failures="1" tests="7" name="Default test" time="45.596" errors="0" timestamp="2021-06-15T18:50:46 CEST">
  <testcase classname="Tests.MyWishListTests" name="@AfterMethod posleSvihTestova" time="0.045">
    <failure type="org.openqa.selenium.NoSuchWindowException" message="no such window: target window already closed
from unknown error: web view not found
  (Session info: chrome=87.0.4280.66)
Build info: version: &amp;apos;3.141.59&amp;apos;, revision: &amp;apos;e82be7d358&amp;apos;, time: &amp;apos;2018-11-14T08:25:48&amp;apos;
System info: host: &amp;apos;DESKTOP-2DP96CH&amp;apos;, ip: &amp;apos;192.168.1.52&amp;apos;, os.name: &amp;apos;Windows 10&amp;apos;, os.arch: &amp;apos;amd64&amp;apos;, os.version: &amp;apos;10.0&amp;apos;, java.version: &amp;apos;15.0.1&amp;apos;
Driver info: org.openqa.selenium.chrome.ChromeDriver
Capabilities {acceptInsecureCerts: false, browserName: chrome, browserVersion: 87.0.4280.66, chrome: {chromedriverVersion: 87.0.4280.20 (c99e81631faa0..., userDataDir: C:\Users\Marko\AppData\Loca...}, goog:chromeOptions: {debuggerAddress: localhost:50049}, javascriptEnabled: true, networkConnectionEnabled: false, pageLoadStrategy: normal, platform: WINDOWS, platformName: WINDOWS, proxy: Proxy(), setWindowRect: true, strictFileInteractability: false, timeouts: {implicit: 0, pageLoad: 300000, script: 30000}, unhandledPromptBehavior: dismiss and notify, webauthn:virtualAuthenticators: true}
Session ID: 3d5457944c0471d82c02c04e6cdc86b1">
      <![CDATA[org.openqa.selenium.NoSuchWindowException: no such window: target window already closed
from unknown error: web view not found
  (Session info: chrome=87.0.4280.66)
Build info: version: '3.141.59', revision: 'e82be7d358', time: '2018-11-14T08:25:48'
System info: host: 'DESKTOP-2DP96CH', ip: '192.168.1.52', os.name: 'Windows 10', os.arch: 'amd64', os.version: '10.0', java.version: '15.0.1'
Driver info: org.openqa.selenium.chrome.ChromeDriver
Capabilities {acceptInsecureCerts: false, browserName: chrome, browserVersion: 87.0.4280.66, chrome: {chromedriverVersion: 87.0.4280.20 (c99e81631faa0..., userDataDir: C:\Users\Marko\AppData\Loca...}, goog:chromeOptions: {debuggerAddress: localhost:50049}, javascriptEnabled: true, networkConnectionEnabled: false, pageLoadStrategy: normal, platform: WINDOWS, platformName: WINDOWS, proxy: Proxy(), setWindowRect: true, strictFileInteractability: false, timeouts: {implicit: 0, pageLoad: 300000, script: 30000}, unhandledPromptBehavior: dismiss and notify, webauthn:virtualAuthenticators: true}
Session ID: 3d5457944c0471d82c02c04e6cdc86b1
at java.base/jdk.internal.reflect.NativeConstructorAccessorImpl.newInstance0(Native Method)
at java.base/jdk.internal.reflect.NativeConstructorAccessorImpl.newInstance(NativeConstructorAccessorImpl.java:64)
at java.base/jdk.internal.reflect.DelegatingConstructorAccessorImpl.newInstance(DelegatingConstructorAccessorImpl.java:45)
at java.base/java.lang.reflect.Constructor.newInstanceWithCaller(Constructor.java:500)
at java.base/java.lang.reflect.Constructor.newInstance(Constructor.java:481)
at org.openqa.selenium.remote.http.W3CHttpResponseCodec.createException(W3CHttpResponseCodec.java:187)
at org.openqa.selenium.remote.http.W3CHttpResponseCodec.decode(W3CHttpResponseCodec.java:122)
at org.openqa.selenium.remote.http.W3CHttpResponseCodec.decode(W3CHttpResponseCodec.java:49)
at org.openqa.selenium.remote.HttpCommandExecutor.execute(HttpCommandExecutor.java:158)
at org.openqa.selenium.remote.service.DriverCommandExecutor.execute(DriverCommandExecutor.java:83)
at org.openqa.selenium.remote.RemoteWebDriver.execute(RemoteWebDriver.java:552)
at org.openqa.selenium.remote.RemoteWebDriver.execute(RemoteWebDriver.java:609)
at org.openqa.selenium.remote.RemoteWebDriver$RemoteWebDriverOptions.deleteAllCookies(RemoteWebDriver.java:694)
at Tests.MyWishListTests.posleSvihTestova(MyWishListTests.java:43)
at java.base/jdk.internal.reflect.NativeMethodAccessorImpl.invoke0(Native Method)
at java.base/jdk.internal.reflect.NativeMethodAccessorImpl.invoke(NativeMethodAccessorImpl.java:64)
at java.base/jdk.internal.reflect.DelegatingMethodAccessorImpl.invoke(DelegatingMethodAccessorImpl.java:43)
at java.base/java.lang.reflect.Method.invoke(Method.java:564)
at org.testng.internal.MethodInvocationHelper.invokeMethod(MethodInvocationHelper.java:133)
at org.testng.internal.MethodInvocationHelper.invokeMethodConsideringTimeout(MethodInvocationHelper.java:62)
at org.testng.internal.ConfigInvoker.invokeConfigurationMethod(ConfigInvoker.java:385)
at org.testng.internal.ConfigInvoker.invokeConfigurations(ConfigInvoker.java:321)
at org.testng.internal.TestInvoker.runConfigMethods(TestInvoker.java:700)
at org.testng.internal.TestInvoker.runAfterGroupsConfigurations(TestInvoker.java:676)
at org.testng.internal.TestInvoker.invokeMethod(TestInvoker.java:660)
at org.testng.internal.TestInvoker.invokeTestMethod(TestInvoker.java:173)
at org.testng.internal.MethodRunner.runInSequence(MethodRunner.java:46)
at org.testng.internal.TestInvoker$MethodInvocationAgent.invoke(TestInvoker.java:824)
at org.testng.internal.TestInvoker.invokeTestMethods(TestInvoker.java:146)
at org.testng.internal.TestMethodWorker.invokeTestMethods(TestMethodWorker.java:146)
at org.testng.internal.TestMethodWorker.run(TestMethodWorker.java:128)
at java.base/java.util.ArrayList.forEach(ArrayList.java:1511)
at org.testng.TestRunner.privateRun(TestRunner.java:794)
at org.testng.TestRunner.run(TestRunner.java:596)
at org.testng.SuiteRunner.runTest(SuiteRunner.java:377)
at org.testng.SuiteRunner.runSequentially(SuiteRunner.java:371)
at org.testng.SuiteRunner.privateRun(SuiteRunner.java:332)
at org.testng.SuiteRunner.run(SuiteRunner.java:276)
at org.testng.SuiteRunnerWorker.runSuite(SuiteRunnerWorker.java:53)
at org.testng.SuiteRunnerWorker.run(SuiteRunnerWorker.java:96)
at org.testng.TestNG.runSuitesSequentially(TestNG.java:1212)
at org.testng.TestNG.runSuitesLocally(TestNG.java:1134)
at org.testng.TestNG.runSuites(TestNG.java:1063)
at org.testng.TestNG.run(TestNG.java:1031)
at org.testng.remote.AbstractRemoteTestNG.run(AbstractRemoteTestNG.java:115)
at org.testng.remote.RemoteTestNG.initAndRun(RemoteTestNG.java:251)
at org.testng.remote.RemoteTestNG.main(RemoteTestNG.java:77)
]]>
    </failure>
  </testcase> <!-- @AfterMethod posleSvihTestova -->
  <testcase classname="Tests.MyWishListTests" name="@BeforeMethod preSvihTesova" time="-1.623775846035E9">
    <skipped/>
  </testcase> <!-- @BeforeMethod preSvihTesova -->
  <testcase classname="Tests.MyWishListTests" name="@AfterMethod posleSvihTestova" time="-1.623775846068E9">
    <skipped/>
  </testcase> <!-- @AfterMethod posleSvihTestova -->
  <testcase classname="Tests.MyWishListTests" name="@BeforeMethod preSvihTesova" time="-1.623775846075E9">
    <skipped/>
  </testcase> <!-- @BeforeMethod preSvihTesova -->
  <testcase classname="Tests.MyWishListTests" name="@AfterMethod posleSvihTestova" time="-1.623775846108E9">
    <skipped/>
  </testcase> <!-- @AfterMethod posleSvihTestova -->
  <testcase classname="Tests.MyWishListTests" name="@BeforeMethod preSvihTesova" time="-1.623775846115E9">
    <skipped/>
  </testcase> <!-- @BeforeMethod preSvihTesova -->
  <testcase classname="Tests.MyWishListTests" name="@AfterMethod posleSvihTestova" time="-1.623775846126E9">
    <skipped/>
  </testcase> <!-- @AfterMethod posleSvihTestova -->
  <testcase classname="Tests.MyWishListTests" name="@BeforeMethod preSvihTesova" time="-1.623775846128E9">
    <skipped/>
  </testcase> <!-- @BeforeMethod preSvihTesova -->
  <testcase classname="Tests.MyWishListTests" name="@AfterMethod posleSvihTestova" time="-1.623775846135E9">
    <skipped/>
  </testcase> <!-- @AfterMethod posleSvihTestova -->
  <testcase classname="Tests.MyWishListTests" name="@BeforeMethod preSvihTesova" time="-1.62377584614E9">
    <skipped/>
  </testcase> <!-- @BeforeMethod preSvihTesova -->
  <testcase classname="Tests.MyWishListTests" name="@AfterMethod posleSvihTestova" time="-1.623775846149E9">
    <skipped/>
  </testcase> <!-- @AfterMethod posleSvihTestova -->
  <testcase classname="Tests.MyWishListTests" name="@BeforeMethod preSvihTesova" time="-1.623775846151E9">
    <skipped/>
  </testcase> <!-- @BeforeMethod preSvihTesova -->
  <testcase classname="Tests.MyWishListTests" name="@AfterMethod posleSvihTestova" time="-1.623775846164E9">
    <skipped/>
  </testcase> <!-- @AfterMethod posleSvihTestova -->
  <testcase classname="Tests.BaseTest" name="@AfterClass posleSvakogTesta" time="-1.623775846167E9">
    <skipped/>
  </testcase> <!-- @AfterClass posleSvakogTesta -->
  <testcase classname="Tests.MyWishListTests" name="addingMultipleWishLists" time="24.32">
    <failure type="org.openqa.selenium.NoSuchElementException" message="Cannot locate an element using class name=info-account
For documentation on this error, please visit: https://www.seleniumhq.org/exceptions/no_such_element.html
Build info: version: &amp;apos;3.141.59&amp;apos;, revision: &amp;apos;e82be7d358&amp;apos;, time: &amp;apos;2018-11-14T08:25:48&amp;apos;
System info: host: &amp;apos;DESKTOP-2DP96CH&amp;apos;, ip: &amp;apos;192.168.1.52&amp;apos;, os.name: &amp;apos;Windows 10&amp;apos;, os.arch: &amp;apos;amd64&amp;apos;, os.version: &amp;apos;10.0&amp;apos;, java.version: &amp;apos;15.0.1&amp;apos;
Driver info: driver.version: RemoteWebDriver">
      <![CDATA[org.openqa.selenium.NoSuchElementException: Cannot locate an element using class name=info-account
For documentation on this error, please visit: https://www.seleniumhq.org/exceptions/no_such_element.html
Build info: version: '3.141.59', revision: 'e82be7d358', time: '2018-11-14T08:25:48'
System info: host: 'DESKTOP-2DP96CH', ip: '192.168.1.52', os.name: 'Windows 10', os.arch: 'amd64', os.version: '10.0', java.version: '15.0.1'
Driver info: driver.version: RemoteWebDriver
at org.openqa.selenium.remote.RemoteWebDriver.findElement(RemoteWebDriver.java:327)
at org.openqa.selenium.remote.RemoteWebDriver.findElementByClassName(RemoteWebDriver.java:412)
at org.openqa.selenium.By$ByClassName.findElement(By.java:389)
at org.openqa.selenium.remote.RemoteWebDriver.findElement(RemoteWebDriver.java:315)
at Pages.MyAccountPage.getSuccsuccessfulLoginLabel(MyAccountPage.java:20)
at Pages.MyAccountPage.assertSuccsuccessfulLoginLabel(MyAccountPage.java:23)
at Tests.LogInTest.logInWIthValidCredential(LogInTest.java:21)
at Tests.MyWishListTests.addingMultipleWishLists(MyWishListTests.java:27)
at java.base/jdk.internal.reflect.NativeMethodAccessorImpl.invoke0(Native Method)
at java.base/jdk.internal.reflect.NativeMethodAccessorImpl.invoke(NativeMethodAccessorImpl.java:64)
at java.base/jdk.internal.reflect.DelegatingMethodAccessorImpl.invoke(DelegatingMethodAccessorImpl.java:43)
at java.base/java.lang.reflect.Method.invoke(Method.java:564)
at org.testng.internal.MethodInvocationHelper.invokeMethod(MethodInvocationHelper.java:133)
at org.testng.internal.TestInvoker.invokeMethod(TestInvoker.java:598)
at org.testng.internal.TestInvoker.invokeTestMethod(TestInvoker.java:173)
at org.testng.internal.MethodRunner.runInSequence(MethodRunner.java:46)
at org.testng.internal.TestInvoker$MethodInvocationAgent.invoke(TestInvoker.java:824)
at org.testng.internal.TestInvoker.invokeTestMethods(TestInvoker.java:146)
at org.testng.internal.TestMethodWorker.invokeTestMethods(TestMethodWorker.java:146)
at org.testng.internal.TestMethodWorker.run(TestMethodWorker.java:128)
at java.base/java.util.ArrayList.forEach(ArrayList.java:1511)
at org.testng.TestRunner.privateRun(TestRunner.java:794)
at org.testng.TestRunner.run(TestRunner.java:596)
at org.testng.SuiteRunner.runTest(SuiteRunner.java:377)
at org.testng.SuiteRunner.runSequentially(SuiteRunner.java:371)
at org.testng.SuiteRunner.privateRun(SuiteRunner.java:332)
at org.testng.SuiteRunner.run(SuiteRunner.java:276)
at org.testng.SuiteRunnerWorker.runSuite(SuiteRunnerWorker.java:53)
at org.testng.SuiteRunnerWorker.run(SuiteRunnerWorker.java:96)
at org.testng.TestNG.runSuitesSequentially(TestNG.java:1212)
at org.testng.TestNG.runSuitesLocally(TestNG.java:1134)
at org.testng.TestNG.runSuites(TestNG.java:1063)
at org.testng.TestNG.run(TestNG.java:1031)
at org.testng.remote.AbstractRemoteTestNG.run(AbstractRemoteTestNG.java:115)
at org.testng.remote.RemoteTestNG.initAndRun(RemoteTestNG.java:251)
at org.testng.remote.RemoteTestNG.main(RemoteTestNG.java:77)
]]>
    </failure>
  </testcase> <!-- addingMultipleWishLists -->
  <testcase classname="Tests.LogInTest" name="logInWIthValidCredential" time="0.0">
    <skipped/>
  </testcase> <!-- logInWIthValidCredential -->
  <testcase classname="Tests.LogInTest" name="logInWithInvalidCredential" time="0.0">
    <skipped/>
  </testcase> <!-- logInWithInvalidCredential -->
  <testcase classname="Tests.LogInTest" name="logInWithEmtyEmail" time="0.0">
    <skipped/>
  </testcase> <!-- logInWithEmtyEmail -->
  <testcase classname="Tests.LogInTest" name="logInWithEmtyPassword" time="0.0">
    <skipped/>
  </testcase> <!-- logInWithEmtyPassword -->
  <testcase classname="Tests.LogInTest" name="logInWithEmtyCredentials" time="0.0">
    <skipped/>
  </testcase> <!-- logInWithEmtyCredentials -->
  <testcase classname="Tests.LogInTest" name="logOut" time="0.0">
    <skipped/>
  </testcase> <!-- logOut -->
</testsuite> <!-- Default test -->
